2026-06-17 20:50:07.974 [background-preinit] [] INFO  o.h.validator.internal.util.Version - HV000001: Hibernate Validator 8.0.3.Final
2026-06-17 20:50:08.021 [restartedMain] [] INFO  n.l.backend.BackendApplication - Starting BackendApplication using Java 21.0.6 with PID 37216 (D:\project\backend\out\production\classes started by lsj in D:\project\backend)
2026-06-17 20:50:08.022 [restartedMain] [] DEBUG n.l.backend.BackendApplication - Running with Spring Boot v3.5.11, Spring v6.2.16
2026-06-17 20:50:08.022 [restartedMain] [] INFO  n.l.backend.BackendApplication - No active profile set, falling back to 1 default profile: "default"
2026-06-17 20:50:08.059 [restartedMain] [] INFO  o.s.b.d.e.DevToolsPropertyDefaultsPostProcessor - Devtools property defaults active! Set 'spring.devtools.add-properties' to 'false' to disable
2026-06-17 20:50:08.060 [restartedMain] [] INFO  o.s.b.d.e.DevToolsPropertyDefaultsPostProcessor - For additional web related logging consider setting the 'logging.level.web' property to 'DEBUG'
2026-06-17 20:50:08.863 [restartedMain] [] INFO  o.s.b.w.e.tomcat.TomcatWebServer - Tomcat initialized with port 8080 (http)
2026-06-17 20:50:08.875 [restartedMain] [] INFO  o.a.coyote.http11.Http11NioProtocol - Initializing ProtocolHandler ["http-nio-8080"]
2026-06-17 20:50:08.876 [restartedMain] [] INFO  o.a.catalina.core.StandardService - Starting service [Tomcat]
2026-06-17 20:50:08.876 [restartedMain] [] INFO  o.a.catalina.core.StandardEngine - Starting Servlet engine: [Apache Tomcat/10.1.52]
2026-06-17 20:50:08.919 [restartedMain] [] INFO  o.a.c.c.C.[Tomcat].[localhost].[/] - Initializing Spring embedded WebApplicationContext
2026-06-17 20:50:08.919 [restartedMain] [] INFO  o.s.b.w.s.c.ServletWebServerApplicationContext - Root WebApplicationContext: initialization completed in 859 ms
2026-06-17 20:50:08.950 [restartedMain] [] DEBUG n.l.b.global.filter.LoggingFilter - Filter 'loggingFilter' configured for use
2026-06-17 20:50:09.268 [restartedMain] [] INFO  o.s.b.d.a.OptionalLiveReloadServer - LiveReload server is running on port 35729
2026-06-17 20:50:09.278 [restartedMain] [] INFO  o.a.coyote.http11.Http11NioProtocol - Starting ProtocolHandler ["http-nio-8080"]
2026-06-17 20:50:09.293 [restartedMain] [] INFO  o.s.b.w.e.tomcat.TomcatWebServer - Tomcat started on port 8080 (http) with context path '/'
2026-06-17 20:50:09.297 [restartedMain] [] INFO  n.l.backend.BackendApplication - Started BackendApplication in 1.774 seconds (process running for 2.493)
2026-06-17 20:51:19.895 [SpringApplicationShutdownHook] [] INFO  o.s.b.w.e.tomcat.GracefulShutdown - Commencing graceful shutdown. Waiting for active requests to complete
2026-06-17 20:51:19.901 [tomcat-shutdown] [] INFO  o.s.b.w.e.tomcat.GracefulShutdown - Graceful shutdown complete
2026-06-17 20:51:29.089 [restartedMain] [] ERROR o.s.boot.SpringApplication - Application run failed
java.lang.IllegalStateException: java.lang.IllegalStateException: Logback configuration error detected: 
ERROR in ch.qos.logback.core.pattern.parser.Compiler@fa21b82 - There is no conversion class registered for composite conversion word [clr]
ERROR in ch.qos.logback.core.pattern.parser.Compiler@fa21b82 - Failed to create converter for [%clr] keyword
ERROR in ch.qos.logback.core.pattern.parser.Compiler@fa21b82 - There is no conversion class registered for composite conversion word [clr]
ERROR in ch.qos.logback.core.pattern.parser.Compiler@fa21b82 - Failed to create converter for [%clr] keyword
ERROR in ch.qos.logback.core.pattern.parser.Compiler@fa21b82 - There is no conversion class registered for composite conversion word [clr]
ERROR in ch.qos.logback.core.pattern.parser.Compiler@fa21b82 - Failed to create converter for [%clr] keyword
ERROR in ch.qos.logback.core.pattern.parser.Compiler@fa21b82 - There is no conversion class registered for composite conversion word [clr]
ERROR in ch.qos.logback.core.pattern.parser.Compiler@fa21b82 - Failed to create converter for [%clr] keyword
ERROR in ch.qos.logback.core.pattern.parser.Compiler@fa21b82 - There is no conversion class registered for composite conversion word [clr]
ERROR in ch.qos.logback.core.pattern.parser.Compiler@fa21b82 - Failed to create converter for [%clr] keyword
	at org.springframework.boot.context.logging.LoggingApplicationListener.initializeSystem(LoggingApplicationListener.java:347)
	at org.springframework.boot.context.logging.LoggingApplicationListener.initialize(LoggingApplicationListener.java:298)
	at org.springframework.boot.context.logging.LoggingApplicationListener.onApplicationEnvironmentPreparedEvent(LoggingApplicationListener.java:246)
	at org.springframework.boot.context.logging.LoggingApplicationListener.onApplicationEvent(LoggingApplicationListener.java:223)
	at org.springframework.context.event.SimpleApplicationEventMulticaster.doInvokeListener(SimpleApplicationEventMulticaster.java:185)
	at org.springframework.context.event.SimpleApplicationEventMulticaster.invokeListener(SimpleApplicationEventMulticaster.java:178)
	at org.springframework.context.event.SimpleApplicationEventMulticaster.multicastEvent(SimpleApplicationEventMulticaster.java:156)
	at org.springframework.context.event.SimpleApplicationEventMulticaster.multicastEvent(SimpleApplicationEventMulticaster.java:138)
	at org.springframework.boot.context.event.EventPublishingRunListener.multicastInitialEvent(EventPublishingRunListener.java:136)
	at org.springframework.boot.context.event.EventPublishingRunListener.environmentPrepared(EventPublishingRunListener.java:81)
	at org.springframework.boot.SpringApplicationRunListeners.lambda$environmentPrepared$2(SpringApplicationRunListeners.java:64)
	at java.base/java.lang.Iterable.forEach(Iterable.java:75)
	at org.springframework.boot.SpringApplicationRunListeners.doWithListeners(SpringApplicationRunListeners.java:118)
	at org.springframework.boot.SpringApplicationRunListeners.doWithListeners(SpringApplicationRunListeners.java:112)
	at org.springframework.boot.SpringApplicationRunListeners.environmentPrepared(SpringApplicationRunListeners.java:63)
	at org.springframework.boot.SpringApplication.prepareEnvironment(SpringApplication.java:353)
	at org.springframework.boot.SpringApplication.run(SpringApplication.java:313)
	at org.springframework.boot.SpringApplication.run(SpringApplication.java:1361)
	at org.springframework.boot.SpringApplication.run(SpringApplication.java:1350)
	at net.likelion.backend.BackendApplication.main(BackendApplication.java:12)
	at java.base/jdk.internal.reflect.DirectMethodHandleAccessor.invoke(DirectMethodHandleAccessor.java:103)
	at java.base/java.lang.reflect.Method.invoke(Method.java:580)
	at org.springframework.boot.devtools.restart.RestartLauncher.run(RestartLauncher.java:50)
Caused by: java.lang.IllegalStateException: Logback configuration error detected: 
ERROR in ch.qos.logback.core.pattern.parser.Compiler@fa21b82 - There is no conversion class registered for composite conversion word [clr]
ERROR in ch.qos.logback.core.pattern.parser.Compiler@fa21b82 - Failed to create converter for [%clr] keyword
ERROR in ch.qos.logback.core.pattern.parser.Compiler@fa21b82 - There is no conversion class registered for composite conversion word [clr]
ERROR in ch.qos.logback.core.pattern.parser.Compiler@fa21b82 - Failed to create converter for [%clr] keyword
ERROR in ch.qos.logback.core.pattern.parser.Compiler@fa21b82 - There is no conversion class registered for composite conversion word [clr]
ERROR in ch.qos.logback.core.pattern.parser.Compiler@fa21b82 - Failed to create converter for [%clr] keyword
ERROR in ch.qos.logback.core.pattern.parser.Compiler@fa21b82 - There is no conversion class registered for composite conversion word [clr]
ERROR in ch.qos.logback.core.pattern.parser.Compiler@fa21b82 - Failed to create converter for [%clr] keyword
ERROR in ch.qos.logback.core.pattern.parser.Compiler@fa21b82 - There is no conversion class registered for composite conversion word [clr]
ERROR in ch.qos.logback.core.pattern.parser.Compiler@fa21b82 - Failed to create converter for [%clr] keyword
	at org.springframework.boot.logging.logback.LogbackLoggingSystem.reportConfigurationErrorsIfNecessary(LogbackLoggingSystem.java:289)
	at org.springframework.boot.logging.logback.LogbackLoggingSystem.loadConfiguration(LogbackLoggingSystem.java:267)
	at org.springframework.boot.logging.AbstractLoggingSystem.initializeWithConventions(AbstractLoggingSystem.java:81)
	at org.springframework.boot.logging.AbstractLoggingSystem.initialize(AbstractLoggingSystem.java:61)
	at org.springframework.boot.logging.logback.LogbackLoggingSystem.initialize(LogbackLoggingSystem.java:195)
	at org.springframework.boot.context.logging.LoggingApplicationListener.initializeSystem(LoggingApplicationListener.java:332)
	... 22 common frames omitted
2026-06-17 20:53:22.463 [background-preinit] [] INFO  o.h.validator.internal.util.Version - HV000001: Hibernate Validator 8.0.3.Final
2026-06-17 20:53:22.546 [restartedMain] [] INFO  n.l.backend.BackendApplication - Starting BackendApplication using Java 21.0.6 with PID 37872 (D:\project\backend\build\classes\java\main started by lsj in D:\project\backend)
2026-06-17 20:53:22.546 [restartedMain] [] DEBUG n.l.backend.BackendApplication - Running with Spring Boot v3.5.11, Spring v6.2.16
2026-06-17 20:53:22.546 [restartedMain] [] INFO  n.l.backend.BackendApplication - No active profile set, falling back to 1 default profile: "default"
2026-06-17 20:53:22.713 [restartedMain] [] INFO  o.s.b.d.e.DevToolsPropertyDefaultsPostProcessor - Devtools property defaults active! Set 'spring.devtools.add-properties' to 'false' to disable
2026-06-17 20:53:22.713 [restartedMain] [] INFO  o.s.b.d.e.DevToolsPropertyDefaultsPostProcessor - For additional web related logging consider setting the 'logging.level.web' property to 'DEBUG'
2026-06-17 20:53:24.152 [restartedMain] [] INFO  o.s.b.w.e.tomcat.TomcatWebServer - Tomcat initialized with port 8080 (http)
2026-06-17 20:53:24.171 [restartedMain] [] INFO  o.a.coyote.http11.Http11NioProtocol - Initializing ProtocolHandler ["http-nio-8080"]
2026-06-17 20:53:24.174 [restartedMain] [] INFO  o.a.catalina.core.StandardService - Starting service [Tomcat]
2026-06-17 20:53:24.175 [restartedMain] [] INFO  o.a.catalina.core.StandardEngine - Starting Servlet engine: [Apache Tomcat/10.1.52]
2026-06-17 20:53:24.238 [restartedMain] [] INFO  o.a.c.c.C.[Tomcat].[localhost].[/] - Initializing Spring embedded WebApplicationContext
2026-06-17 20:53:24.240 [restartedMain] [] INFO  o.s.b.w.s.c.ServletWebServerApplicationContext - Root WebApplicationContext: initialization completed in 1525 ms
2026-06-17 20:53:24.291 [restartedMain] [] DEBUG n.l.b.global.filter.LoggingFilter - Filter 'loggingFilter' configured for use
2026-06-17 20:53:24.914 [restartedMain] [] INFO  o.s.b.d.a.OptionalLiveReloadServer - LiveReload server is running on port 35729
2026-06-17 20:53:24.932 [restartedMain] [] INFO  o.a.coyote.http11.Http11NioProtocol - Starting ProtocolHandler ["http-nio-8080"]
2026-06-17 20:53:24.957 [restartedMain] [] INFO  o.s.b.w.e.tomcat.TomcatWebServer - Tomcat started on port 8080 (http) with context path '/'
2026-06-17 20:53:24.966 [restartedMain] [] INFO  n.l.backend.BackendApplication - Started BackendApplication in 3.113 seconds (process running for 3.723)
2026-06-17 20:55:22.260 [background-preinit] [] INFO  o.h.validator.internal.util.Version - HV000001: Hibernate Validator 8.0.3.Final
2026-06-17 20:55:22.298 [restartedMain] [] INFO  n.l.backend.BackendApplication - Starting BackendApplication using Java 21.0.6 with PID 27292 (D:\project\backend\out\production\classes started by lsj in D:\project\backend)
2026-06-17 20:55:22.298 [restartedMain] [] DEBUG n.l.backend.BackendApplication - Running with Spring Boot v3.5.11, Spring v6.2.16
2026-06-17 20:55:22.299 [restartedMain] [] INFO  n.l.backend.BackendApplication - No active profile set, falling back to 1 default profile: "default"
2026-06-17 20:55:22.336 [restartedMain] [] INFO  o.s.b.d.e.DevToolsPropertyDefaultsPostProcessor - Devtools property defaults active! Set 'spring.devtools.add-properties' to 'false' to disable
2026-06-17 20:55:22.336 [restartedMain] [] INFO  o.s.b.d.e.DevToolsPropertyDefaultsPostProcessor - For additional web related logging consider setting the 'logging.level.web' property to 'DEBUG'
2026-06-17 20:55:23.085 [restartedMain] [] INFO  o.s.b.w.e.tomcat.TomcatWebServer - Tomcat initialized with port 8080 (http)
2026-06-17 20:55:23.093 [restartedMain] [] INFO  o.a.coyote.http11.Http11NioProtocol - Initializing ProtocolHandler ["http-nio-8080"]
2026-06-17 20:55:23.094 [restartedMain] [] INFO  o.a.catalina.core.StandardService - Starting service [Tomcat]
2026-06-17 20:55:23.094 [restartedMain] [] INFO  o.a.catalina.core.StandardEngine - Starting Servlet engine: [Apache Tomcat/10.1.52]
2026-06-17 20:55:23.131 [restartedMain] [] INFO  o.a.c.c.C.[Tomcat].[localhost].[/] - Initializing Spring embedded WebApplicationContext
2026-06-17 20:55:23.132 [restartedMain] [] INFO  o.s.b.w.s.c.ServletWebServerApplicationContext - Root WebApplicationContext: initialization completed in 796 ms
2026-06-17 20:55:23.155 [restartedMain] [] DEBUG n.l.b.global.filter.LoggingFilter - Filter 'loggingFilter' configured for use
2026-06-17 20:55:23.461 [restartedMain] [] INFO  o.s.b.d.a.OptionalLiveReloadServer - LiveReload server is running on port 35729
2026-06-17 20:55:23.470 [restartedMain] [] INFO  o.a.coyote.http11.Http11NioProtocol - Starting ProtocolHandler ["http-nio-8080"]
2026-06-17 20:55:23.483 [restartedMain] [] INFO  o.s.b.w.e.tomcat.TomcatWebServer - Tomcat started on port 8080 (http) with context path '/'
2026-06-17 20:55:23.488 [restartedMain] [] INFO  n.l.backend.BackendApplication - Started BackendApplication in 1.623 seconds (process running for 2.235)
2026-06-17 20:55:27.313 [SpringApplicationShutdownHook] [] INFO  o.s.b.w.e.tomcat.GracefulShutdown - Commencing graceful shutdown. Waiting for active requests to complete
2026-06-17 20:55:27.321 [tomcat-shutdown] [] INFO  o.s.b.w.e.tomcat.GracefulShutdown - Graceful shutdown complete
2026-06-17 23:00:02.260 [background-preinit] [] INFO  o.h.validator.internal.util.Version - HV000001: Hibernate Validator 8.0.3.Final
2026-06-17 23:00:02.308 [restartedMain] [] INFO  n.l.backend.BackendApplication - Starting BackendApplication using Java 21.0.6 with PID 11024 (D:\project\backend\out\production\classes started by lsj in D:\project\backend)
2026-06-17 23:00:02.308 [restartedMain] [] DEBUG n.l.backend.BackendApplication - Running with Spring Boot v3.5.11, Spring v6.2.16
2026-06-17 23:00:02.309 [restartedMain] [] INFO  n.l.backend.BackendApplication - No active profile set, falling back to 1 default profile: "default"
2026-06-17 23:00:02.345 [restartedMain] [] INFO  o.s.b.d.e.DevToolsPropertyDefaultsPostProcessor - Devtools property defaults active! Set 'spring.devtools.add-properties' to 'false' to disable
2026-06-17 23:00:02.345 [restartedMain] [] INFO  o.s.b.d.e.DevToolsPropertyDefaultsPostProcessor - For additional web related logging consider setting the 'logging.level.web' property to 'DEBUG'
2026-06-17 23:00:03.300 [restartedMain] [] INFO  o.s.b.w.e.tomcat.TomcatWebServer - Tomcat initialized with port 8080 (http)
2026-06-17 23:00:03.311 [restartedMain] [] INFO  o.a.coyote.http11.Http11NioProtocol - Initializing ProtocolHandler ["http-nio-8080"]
2026-06-17 23:00:03.312 [restartedMain] [] INFO  o.a.catalina.core.StandardService - Starting service [Tomcat]
2026-06-17 23:00:03.312 [restartedMain] [] INFO  o.a.catalina.core.StandardEngine - Starting Servlet engine: [Apache Tomcat/10.1.52]
2026-06-17 23:00:03.357 [restartedMain] [] INFO  o.a.c.c.C.[Tomcat].[localhost].[/] - Initializing Spring embedded WebApplicationContext
2026-06-17 23:00:03.358 [restartedMain] [] INFO  o.s.b.w.s.c.ServletWebServerApplicationContext - Root WebApplicationContext: initialization completed in 1012 ms
2026-06-17 23:00:03.385 [restartedMain] [] DEBUG n.l.b.global.filter.LoggingFilter - Filter 'loggingFilter' configured for use
2026-06-17 23:00:03.755 [restartedMain] [] INFO  o.s.b.d.a.OptionalLiveReloadServer - LiveReload server is running on port 35729
2026-06-17 23:00:03.766 [restartedMain] [] INFO  o.a.coyote.http11.Http11NioProtocol - Starting ProtocolHandler ["http-nio-8080"]
2026-06-17 23:00:03.780 [restartedMain] [] INFO  o.s.b.w.e.tomcat.TomcatWebServer - Tomcat started on port 8080 (http) with context path '/'
2026-06-17 23:00:03.785 [restartedMain] [] INFO  n.l.backend.BackendApplication - Started BackendApplication in 2.008 seconds (process running for 2.932)
2026-06-17 23:00:43.559 [http-nio-8080-exec-1] [] INFO  o.a.c.c.C.[Tomcat].[localhost].[/] - Initializing Spring DispatcherServlet 'dispatcherServlet'
2026-06-17 23:00:43.559 [http-nio-8080-exec-1] [] INFO  o.s.web.servlet.DispatcherServlet - Initializing Servlet 'dispatcherServlet'
2026-06-17 23:00:43.560 [http-nio-8080-exec-1] [] INFO  o.s.web.servlet.DispatcherServlet - Completed initialization in 1 ms
2026-06-17 23:00:43.563 [http-nio-8080-exec-1] [ed37b734] INFO  n.l.b.global.filter.LoggingFilter - [요청] GET /swagger-ui/index.html
2026-06-17 23:00:43.591 [http-nio-8080-exec-1] [ed37b734] INFO  n.l.b.global.filter.LoggingFilter - [응답] GET /swagger-ui/index.html 304 (28ms)
2026-06-17 23:00:43.641 [http-nio-8080-exec-2] [76dc92ae] INFO  n.l.b.global.filter.LoggingFilter - [요청] GET /swagger-ui/swagger-initializer.js
2026-06-17 23:00:43.663 [http-nio-8080-exec-2] [76dc92ae] INFO  n.l.b.global.filter.LoggingFilter - [응답] GET /swagger-ui/swagger-initializer.js 200 (22ms)
2026-06-17 23:00:43.994 [http-nio-8080-exec-3] [df2e3a8e] INFO  n.l.b.global.filter.LoggingFilter - [요청] GET /api-docs/swagger-config
2026-06-17 23:00:44.033 [http-nio-8080-exec-3] [df2e3a8e] INFO  n.l.b.global.filter.LoggingFilter - [응답] GET /api-docs/swagger-config 200 (39ms)
2026-06-17 23:00:44.059 [http-nio-8080-exec-4] [4ad0ca03] INFO  n.l.b.global.filter.LoggingFilter - [요청] GET /api-docs
2026-06-17 23:00:44.297 [http-nio-8080-exec-4] [4ad0ca03] INFO  o.s.api.AbstractOpenApiResource - Init duration for springdoc-openapi is: 228 ms
2026-06-17 23:00:44.302 [http-nio-8080-exec-4] [4ad0ca03] INFO  n.l.b.global.filter.LoggingFilter - [응답] GET /api-docs 200 (243ms)
2026-06-17 23:01:27.788 [http-nio-8080-exec-5] [8a82ae6f] INFO  n.l.b.global.filter.LoggingFilter - [요청] POST /memos
2026-06-17 23:01:27.827 [http-nio-8080-exec-5] [8a82ae6f] INFO  n.l.b.global.filter.LoggingFilter - [응답] POST /memos 201 (39ms)
2026-06-17 23:01:33.091 [http-nio-8080-exec-6] [ffc92632] INFO  n.l.b.global.filter.LoggingFilter - [요청] GET /memos
2026-06-17 23:01:33.094 [http-nio-8080-exec-6] [ffc92632] INFO  n.l.b.global.filter.LoggingFilter - [응답] GET /memos 200 (3ms)
2026-06-17 23:01:39.770 [http-nio-8080-exec-7] [fe36d45d] INFO  n.l.b.global.filter.LoggingFilter - [요청] POST /pins
2026-06-17 23:01:39.776 [http-nio-8080-exec-7] [fe36d45d] WARN  n.l.b.g.e.GlobalExceptionHandler - [BaseException] code: MEMO_NOT_FOUND, message: 메모를 찾을 수 없습니다.
2026-06-17 23:01:39.778 [http-nio-8080-exec-7] [fe36d45d] WARN  o.s.w.s.m.m.a.ExceptionHandlerExceptionResolver - Resolved [net.likelion.backend.global.exception.BaseException: 메모를 찾을 수 없습니다.]
2026-06-17 23:01:39.779 [http-nio-8080-exec-7] [fe36d45d] INFO  n.l.b.global.filter.LoggingFilter - [응답] POST /pins 404 (9ms)
2026-06-17 23:01:43.999 [http-nio-8080-exec-9] [867e9604] INFO  n.l.b.global.filter.LoggingFilter - [요청] POST /pins
2026-06-17 23:01:44.002 [http-nio-8080-exec-9] [867e9604] INFO  n.l.b.global.filter.LoggingFilter - [응답] POST /pins 201 (3ms)
2026-06-17 23:01:49.338 [http-nio-8080-exec-10] [aba9fdd9] INFO  n.l.b.global.filter.LoggingFilter - [요청] GET /pins
2026-06-17 23:01:49.342 [http-nio-8080-exec-10] [aba9fdd9] INFO  n.l.b.global.filter.LoggingFilter - [응답] GET /pins 200 (4ms)
